[2025-10-28 22:20:23] ✅ 数据库 '/mnt/scraper/data/lulu_scraper.db' 及表 'lululemon_products' 初始化完成。
[2025-10-28 22:20:23] 
==================== 开始为 Lululemon 执行抓取任务 ====================
[2025-10-28 22:20:23] 📦 正在抓取第 1/50 页...
[2025-10-28 22:20:26] 📦 正在抓取第 2/50 页...
[2025-10-28 22:20:28] 📦 正在抓取第 3/50 页...
[2025-10-28 22:20:30] 📦 正在抓取第 4/50 页...
[2025-10-28 22:20:33] 📦 正在抓取第 5/50 页...
[2025-10-28 22:20:35] 📦 正在抓取第 6/50 页...
[2025-10-28 22:20:37] 📦 正在抓取第 7/50 页...
[2025-10-28 22:20:39] 📦 正在抓取第 8/50 页...
[2025-10-28 22:20:41] 📦 正在抓取第 9/50 页...
[2025-10-28 22:20:43] 📦 正在抓取第 10/50 页...
[2025-10-28 22:20:45] 📦 正在抓取第 11/50 页...
[2025-10-28 22:20:48] 📦 正在抓取第 12/50 页...
[2025-10-28 22:20:51] 📦 正在抓取第 13/50 页...
[2025-10-28 22:20:53] 📦 正在抓取第 14/50 页...
[2025-10-28 22:20:55] 📦 正在抓取第 15/50 页...
[2025-10-28 22:20:58] 📦 正在抓取第 16/50 页...
[2025-10-28 22:21:00] 📦 正在抓取第 17/50 页...
[2025-10-28 22:21:01] ℹ️ 当前页未发现商品，停止翻页。
[2025-10-28 22:21:01] 🔍 正在将 957 个抓取商品与 0 条数据库记录进行比较...
[2025-10-28 22:21:01]     -> 📱 准备发送通知: 【Lululemon】新品上架
[2025-10-28 22:21:04]     -> 📱 准备发送通知: 【Lululemon】新品上架
[2025-10-28 22:21:08]     -> 📱 准备发送通知: 【Lululemon】新品上架
[2025-10-28 22:21:11]     -> 📱 准备发送通知: 【Lululemon】新品上架
[2025-10-28 22:21:15]     -> 📱 准备发送通知: 【Lululemon】新品上架
[2025-10-28 22:21:18]     -> 📱 准备发送通知: 【Lululemon】新品上架
[2025-10-28 22:21:21]     -> 📱 准备发送通知: 【Lululemon】新品上架
[2025-10-28 22:21:25]     -> 📱 准备发送通知: 【Lululemon】新品上架
[2025-10-28 22:21:28]     -> 📱 准备发送通知: 【Lululemon】新品上架
[2025-10-28 22:21:31]     -> 📱 准备发送通知: 【Lululemon】新品上架
[2025-10-28 22:21:35]     -> 📱 准备发送通知: 【Lululemon】新品上架
[2025-10-28 22:21:38]     -> 📱 准备发送通知: 【Lululemon】新品上架
[2025-10-28 22:21:42]     -> 📱 准备发送通知: 【Lululemon】新品上架
[2025-10-28 22:21:45]     -> 📱 准备发送通知: 【Lululemon】新品上架
[2025-10-28 22:21:48]     -> 📱 准备发送通知: 【Lululemon】新品上架
[2025-10-28 22:21:52]     -> 📱 准备发送通知: 【Lululemon】新品上架
[2025-10-28 22:21:55]     -> 📱 准备发送通知: 【Lululemon】新品上架
[2025-10-28 22:21:58]     -> 📱 准备发送通知: 【Lululemon】新品上架
[2025-10-28 22:22:01]     -> 📱 准备发送通知: 【Lululemon】新品上架
[2025-10-28 22:22:05]     -> 📱 准备发送通知: 【Lululemon】新品上架
[2025-10-28 22:22:08]     -> 📱 准备发送通知: 【Lululemon】新品上架
[2025-10-28 22:22:11]     -> 📱 准备发送通知: 【Lululemon】新品上架
[2025-10-28 22:22:14]     -> 📱 准备发送通知: 【Lululemon】新品上架
[2025-10-28 22:22:18]     -> 📱 准备发送通知: 【Lululemon】新品上架
[2025-10-28 22:22:21]     -> 📱 准备发送通知: 【Lululemon】新品上架
[2025-10-28 22:22:25]     -> 📱 准备发送通知: 【Lululemon】新品上架
[2025-10-28 22:22:28]     -> 📱 准备发送通知: 【Lululemon】新品上架
[2025-10-28 22:22:31]     -> 📱 准备发送通知: 【Lululemon】新品上架
[2025-10-28 22:22:34]     -> 📱 准备发送通知: 【Lululemon】新品上架
[2025-10-28 22:22:38]     -> 📱 准备发送通知: 【Lululemon】新品上架
[2025-10-28 22:22:41]     -> 📱 准备发送通知: 【Lululemon】新品上架
[2025-10-28 22:22:45]     -> 📱 准备发送通知: 【Lululemon】新品上架
[2025-10-28 22:22:48]     -> 📱 准备发送通知: 【Lululemon】新品上架
[2025-10-28 22:22:51]     -> 📱 准备发送通知: 【Lululemon】新品上架
[2025-10-28 22:22:54]     -> 📱 准备发送通知: 【Lululemon】新品上架
[2025-10-28 22:22:58]     -> 📱 准备发送通知: 【Lululemon】新品上架
[2025-10-28 22:23:01]     -> 📱 准备发送通知: 【Lululemon】新品上架
[2025-10-28 22:23:05]     -> 📱 准备发送通知: 【Lululemon】新品上架
[2025-10-28 22:23:08]     -> 📱 准备发送通知: 【Lululemon】新品上架
[2025-10-28 22:23:11]     -> 📱 准备发送通知: 【Lululemon】新品上架
[2025-10-28 22:23:14]     -> 📱 准备发送通知: 【Lululemon】新品上架
[2025-10-28 22:23:18]     -> 📱 准备发送通知: 【Lululemon】新品上架
[2025-10-28 22:23:21]     -> 📱 准备发送通知: 【Lululemon】新品上架
[2025-10-28 22:23:24]     -> 📱 准备发送通知: 【Lululemon】新品上架
[2025-10-28 22:23:28]     -> 📱 准备发送通知: 【Lululemon】新品上架
[2025-10-28 22:23:31]     -> 📱 准备发送通知: 【Lululemon】新品上架
[2025-10-28 22:23:34]     -> 📱 准备发送通知: 【Lululemon】新品上架
[2025-10-28 22:23:38]     -> 📱 准备发送通知: 【Lululemon】新品上架
[2025-10-28 22:23:41]     -> 📱 准备发送通知: 【Lululemon】新品上架
[2025-10-28 22:23:44]     -> 📱 准备发送通知: 【Lululemon】新品上架
[2025-10-28 22:23:48]     -> 📱 准备发送通知: 【Lululemon】新品上架
[2025-10-28 22:23:51]     -> 📱 准备发送通知: 【Lululemon】新品上架
[2025-10-28 22:23:54]     -> 📱 准备发送通知: 【Lululemon】新品上架
[2025-10-28 22:23:57]     -> 📱 准备发送通知: 【Lululemon】新品上架
[2025-10-28 22:24:01]     -> 📱 准备发送通知: 【Lululemon】新品上架
[2025-10-28 22:24:04]     -> 📱 准备发送通知: 【Lululemon】新品上架
[2025-10-28 22:24:07]     -> 📱 准备发送通知: 【Lululemon】新品上架
[2025-10-28 22:24:11]     -> 📱 准备发送通知: 【Lululemon】新品上架
[2025-10-28 22:24:14]     -> 📱 准备发送通知: 【Lululemon】新品上架
[2025-10-28 22:24:17]     -> 📱 准备发送通知: 【Lululemon】新品上架
[2025-10-28 22:24:21]     -> 📱 准备发送通知: 【Lululemon】新品上架
[2025-10-28 22:24:24]     -> 📱 准备发送通知: 【Lululemon】新品上架
[2025-10-28 22:24:27]     -> 📱 准备发送通知: 【Lululemon】新品上架
[2025-10-28 22:24:31]     -> 📱 准备发送通知: 【Lululemon】新品上架
[2025-10-28 22:24:34]     -> 📱 准备发送通知: 【Lululemon】新品上架
[2025-10-28 22:24:37]     -> 📱 准备发送通知: 【Lululemon】新品上架
[2025-10-28 22:24:41]     -> 📱 准备发送通知: 【Lululemon】新品上架
[2025-10-28 22:24:45]     -> 📱 准备发送通知: 【Lululemon】新品上架
[2025-10-28 22:24:48]     -> 📱 准备发送通知: 【Lululemon】新品上架
[2025-10-28 22:24:52]     -> 📱 准备发送通知: 【Lululemon】新品上架
[2025-10-28 22:24:55]     -> 📱 准备发送通知: 【Lululemon】新品上架
[2025-10-28 22:24:59]     -> 📱 准备发送通知: 【Lululemon】新品上架
[2025-10-28 22:25:02]     -> 📱 准备发送通知: 【Lululemon】新品上架
[2025-10-28 22:25:05]     -> 📱 准备发送通知: 【Lululemon】新品上架
[2025-10-28 22:25:09]     -> 📱 准备发送通知: 【Lululemon】新品上架
[2025-10-28 22:25:12]     -> 📱 准备发送通知: 【Lululemon】新品上架
[2025-10-28 22:25:16]     -> 📱 准备发送通知: 【Lululemon】新品上架
[2025-10-28 22:25:19]     -> 📱 准备发送通知: 【Lululemon】新品上架
[2025-10-28 22:25:22]     -> 📱 准备发送通知: 【Lululemon】新品上架
[2025-10-28 22:25:26]     -> 📱 准备发送通知: 【Lululemon】新品上架
[2025-10-28 22:25:29]     -> 📱 准备发送通知: 【Lululemon】新品上架
[2025-10-28 22:25:33]     -> 📱 准备发送通知: 【Lululemon】新品上架
[2025-10-28 22:25:36]     -> 📱 准备发送通知: 【Lululemon】新品上架
[2025-10-28 22:25:39]     -> 📱 准备发送通知: 【Lululemon】新品上架
[2025-10-28 22:25:43]     -> 📱 准备发送通知: 【Lululemon】新品上架
[2025-10-28 22:25:46]     -> 📱 准备发送通知: 【Lululemon】新品上架
[2025-10-28 22:25:49]     -> 📱 准备发送通知: 【Lululemon】新品上架
[2025-10-28 22:25:53]     -> 📱 准备发送通知: 【Lululemon】新品上架
[2025-10-28 22:25:56]     -> 📱 准备发送通知: 【Lululemon】新品上架
[2025-10-28 22:25:59]     -> 📱 准备发送通知: 【Lululemon】新品上架
[2025-10-28 22:26:03]     -> 📱 准备发送通知: 【Lululemon】新品上架
[2025-10-28 22:26:06]     -> 📱 准备发送通知: 【Lululemon】新品上架
[2025-10-28 22:26:09]     -> 📱 准备发送通知: 【Lululemon】新品上架
[2025-10-28 22:26:12]     -> 📱 准备发送通知: 【Lululemon】新品上架
[2025-10-28 22:26:16]     -> 📱 准备发送通知: 【Lululemon】新品上架
[2025-10-28 22:26:19]     -> 📱 准备发送通知: 【Lululemon】新品上架
[2025-10-28 22:26:22]     -> 📱 准备发送通知: 【Lululemon】新品上架
[2025-10-28 22:26:26]     -> 📱 准备发送通知: 【Lululemon】新品上架
[2025-10-28 22:26:29]     -> 📱 准备发送通知: 【Lululemon】新品上架
[2025-10-28 22:26:32]     -> 📱 准备发送通知: 【Lululemon】新品上架
[2025-10-28 22:26:36]     -> 📱 准备发送通知: 【Lululemon】新品上架
[2025-10-28 22:26:39]     -> 📱 准备发送通知: 【Lululemon】新品上架
[2025-10-28 22:26:42]     -> 📱 准备发送通知: 【Lululemon】新品上架
[2025-10-28 22:26:46]     -> 📱 准备发送通知: 【Lululemon】新品上架
[2025-10-28 22:26:49]     -> 📱 准备发送通知: 【Lululemon】新品上架
[2025-10-28 22:26:52]     -> 📱 准备发送通知: 【Lululemon】新品上架
[2025-10-28 22:26:55]     -> 📱 准备发送通知: 【Lululemon】新品上架
[2025-10-28 22:26:58]     -> 📱 准备发送通知: 【Lululemon】新品上架
[2025-10-28 22:27:02]     -> 📱 准备发送通知: 【Lululemon】新品上架
[2025-10-28 22:27:05]     -> 📱 准备发送通知: 【Lululemon】新品上架
[2025-10-28 22:27:08]     -> 📱 准备发送通知: 【Lululemon】新品上架
[2025-10-28 22:27:19]     -> 📱 准备发送通知: 【Lululemon】新品上架
[2025-10-28 22:27:24]     -> 📱 准备发送通知: 【Lululemon】新品上架
[2025-10-28 22:27:27]     -> 📱 准备发送通知: 【Lululemon】新品上架
[2025-10-28 22:27:30]     -> 📱 准备发送通知: 【Lululemon】新品上架
[2025-10-28 22:27:33]     -> 📱 准备发送通知: 【Lululemon】新品上架
[2025-10-28 22:27:37]     -> 📱 准备发送通知: 【Lululemon】新品上架
[2025-10-28 22:27:40]     -> 📱 准备发送通知: 【Lululemon】新品上架
[2025-10-28 22:27:43]     -> 📱 准备发送通知: 【Lululemon】新品上架
[2025-10-28 22:27:47]     -> 📱 准备发送通知: 【Lululemon】新品上架
[2025-10-28 22:27:50]     -> 📱 准备发送通知: 【Lululemon】新品上架
[2025-10-28 22:27:53]     -> 📱 准备发送通知: 【Lululemon】新品上架
[2025-10-28 22:27:56]     -> 📱 准备发送通知: 【Lululemon】新品上架
[2025-10-28 22:28:00]     -> 📱 准备发送通知: 【Lululemon】新品上架
[2025-10-28 22:28:13]     -> 📱 准备发送通知: 【Lululemon】新品上架
[2025-10-28 22:28:16]     -> 📱 准备发送通知: 【Lululemon】新品上架
[2025-10-28 22:28:20]     -> 📱 准备发送通知: 【Lululemon】新品上架
[2025-10-28 22:28:23]     -> 📱 准备发送通知: 【Lululemon】新品上架
[2025-10-28 22:28:26]     -> 📱 准备发送通知: 【Lululemon】新品上架
[2025-10-28 22:28:30]     -> 📱 准备发送通知: 【Lululemon】新品上架
[2025-10-28 22:28:33]     -> 📱 准备发送通知: 【Lululemon】新品上架
[2025-10-28 22:28:38]     -> 📱 准备发送通知: 【Lululemon】新品上架
[2025-10-28 22:28:43]     -> 📱 准备发送通知: 【Lululemon】新品上架
[2025-10-28 22:28:46]     -> 📱 准备发送通知: 【Lululemon】新品上架
[2025-10-28 22:28:49]     -> 📱 准备发送通知: 【Lululemon】新品上架
[2025-10-28 22:28:53]     -> 📱 准备发送通知: 【Lululemon】新品上架
[2025-10-28 22:28:56]     -> 📱 准备发送通知: 【Lululemon】新品上架
[2025-10-28 22:28:59]     -> 📱 准备发送通知: 【Lululemon】新品上架
[2025-10-28 22:29:03]     -> 📱 准备发送通知: 【Lululemon】新品上架
[2025-10-28 22:29:06]     -> 📱 准备发送通知: 【Lululemon】新品上架
[2025-10-28 22:29:09]     -> 📱 准备发送通知: 【Lululemon】新品上架
[2025-10-28 22:29:12]     -> 📱 准备发送通知: 【Lululemon】新品上架
[2025-10-28 22:29:16]     -> 📱 准备发送通知: 【Lululemon】新品上架
[2025-10-28 22:29:19]     -> 📱 准备发送通知: 【Lululemon】新品上架
[2025-10-28 22:29:22]     -> 📱 准备发送通知: 【Lululemon】新品上架
[2025-10-28 22:29:26]     -> 📱 准备发送通知: 【Lululemon】新品上架
[2025-10-28 22:29:29]     -> 📱 准备发送通知: 【Lululemon】新品上架
[2025-10-28 22:29:39]     -> 📱 准备发送通知: 【Lululemon】新品上架
[2025-10-28 22:29:42]     -> 📱 准备发送通知: 【Lululemon】新品上架
[2025-10-28 22:29:45]     -> 📱 准备发送通知: 【Lululemon】新品上架
[2025-10-28 22:29:49]     -> 📱 准备发送通知: 【Lululemon】新品上架
[2025-10-28 22:29:52]     -> 📱 准备发送通知: 【Lululemon】新品上架
[2025-10-28 22:29:55]     -> 📱 准备发送通知: 【Lululemon】新品上架
[2025-10-28 22:29:59]     -> 📱 准备发送通知: 【Lululemon】新品上架
[2025-10-28 22:30:02]     -> 📱 准备发送通知: 【Lululemon】新品上架
[2025-10-28 22:30:06]     -> 📱 准备发送通知: 【Lululemon】新品上架
[2025-10-28 22:30:10]     -> 📱 准备发送通知: 【Lululemon】新品上架
[2025-10-28 22:30:13]     -> 📱 准备发送通知: 【Lululemon】新品上架
[2025-10-28 22:30:17]     -> 📱 准备发送通知: 【Lululemon】新品上架
[2025-10-28 22:30:20]     -> 📱 准备发送通知: 【Lululemon】新品上架
[2025-10-28 22:30:23]     -> 📱 准备发送通知: 【Lululemon】新品上架
[2025-10-28 22:30:27]     -> 📱 准备发送通知: 【Lululemon】新品上架
[2025-10-28 22:30:30]     -> 📱 准备发送通知: 【Lululemon】新品上架
[2025-10-28 22:30:33]     -> 📱 准备发送通知: 【Lululemon】新品上架
[2025-10-28 22:30:37]     -> 📱 准备发送通知: 【Lululemon】新品上架
[2025-10-28 22:30:40]     -> 📱 准备发送通知: 【Lululemon】新品上架
[2025-10-28 22:30:43]     -> 📱 准备发送通知: 【Lululemon】新品上架
[2025-10-28 22:30:47]     -> 📱 准备发送通知: 【Lululemon】新品上架
[2025-10-28 22:30:50]     -> 📱 准备发送通知: 【Lululemon】新品上架
[2025-10-28 22:30:53]     -> 📱 准备发送通知: 【Lululemon】新品上架
[2025-10-28 22:30:57]     -> 📱 准备发送通知: 【Lululemon】新品上架
[2025-10-28 22:31:00]     -> 📱 准备发送通知: 【Lululemon】新品上架
[2025-10-28 22:31:03]     -> 📱 准备发送通知: 【Lululemon】新品上架
[2025-10-28 22:31:07]     -> 📱 准备发送通知: 【Lululemon】新品上架
[2025-10-28 22:31:10]     -> 📱 准备发送通知: 【Lululemon】新品上架
[2025-10-28 22:31:13]     -> 📱 准备发送通知: 【Lululemon】新品上架
[2025-10-28 22:31:16]     -> 📱 准备发送通知: 【Lululemon】新品上架
[2025-10-28 22:31:20]     -> 📱 准备发送通知: 【Lululemon】新品上架
[2025-10-28 22:31:23]     -> 📱 准备发送通知: 【Lululemon】新品上架
[2025-10-28 22:31:26]     -> 📱 准备发送通知: 【Lululemon】新品上架
[2025-10-28 22:31:30]     -> 📱 准备发送通知: 【Lululemon】新品上架
[2025-10-28 22:31:33]     -> 📱 准备发送通知: 【Lululemon】新品上架
[2025-10-28 22:31:36]     -> 📱 准备发送通知: 【Lululemon】新品上架
[2025-10-28 22:31:40]     -> 📱 准备发送通知: 【Lululemon】新品上架
[2025-10-28 22:31:43]     -> 📱 准备发送通知: 【Lululemon】新品上架
[2025-10-28 22:31:46]     -> 📱 准备发送通知: 【Lululemon】新品上架
[2025-10-28 22:31:50]     -> 📱 准备发送通知: 【Lululemon】新品上架
[2025-10-28 22:31:53]     -> 📱 准备发送通知: 【Lululemon】新品上架
[2025-10-28 22:31:56]     -> 📱 准备发送通知: 【Lululemon】新品上架
[2025-10-28 22:31:59]     -> 📱 准备发送通知: 【Lululemon】新品上架
[2025-10-28 22:32:03]     -> 📱 准备发送通知: 【Lululemon】新品上架
[2025-10-28 22:32:06]     -> 📱 准备发送通知: 【Lululemon】新品上架
[2025-10-28 22:32:09]     -> 📱 准备发送通知: 【Lululemon】新品上架
[2025-10-28 22:32:13]     -> 📱 准备发送通知: 【Lululemon】新品上架
[2025-10-28 22:32:16]     -> 📱 准备发送通知: 【Lululemon】新品上架
[2025-10-28 22:32:19]     -> 📱 准备发送通知: 【Lululemon】新品上架
[2025-10-28 22:32:23]     -> 📱 准备发送通知: 【Lululemon】新品上架
[2025-10-28 22:32:26]     -> 📱 准备发送通知: 【Lululemon】新品上架
[2025-10-28 22:32:29]     -> 📱 准备发送通知: 【Lululemon】新品上架
[2025-10-28 22:32:33]     -> 📱 准备发送通知: 【Lululemon】新品上架
[2025-10-28 22:32:36]     -> 📱 准备发送通知: 【Lululemon】新品上架
[2025-10-28 22:32:39]     -> 📱 准备发送通知: 【Lululemon】新品上架
[2025-10-28 22:32:43]     -> 📱 准备发送通知: 【Lululemon】新品上架
[2025-10-28 22:32:46]     -> 📱 准备发送通知: 【Lululemon】新品上架
[2025-10-28 22:32:49]     -> 📱 准备发送通知: 【Lululemon】新品上架
[2025-10-28 22:32:53]     -> 📱 准备发送通知: 【Lululemon】新品上架
[2025-10-28 22:32:56]     -> 📱 准备发送通知: 【Lululemon】新品上架
[2025-10-28 22:33:00]     -> 📱 准备发送通知: 【Lululemon】新品上架
[2025-10-28 22:33:03]     -> 📱 准备发送通知: 【Lululemon】新品上架
[2025-10-28 22:33:06]     -> 📱 准备发送通知: 【Lululemon】新品上架
[2025-10-28 22:33:09]     -> 📱 准备发送通知: 🔥【Lululemon】超高折扣!
[2025-10-28 22:33:13]     -> 📱 准备发送通知: 【Lululemon】新品上架
[2025-10-28 22:33:16]     -> 📱 准备发送通知: 【Lululemon】新品上架
[2025-10-28 22:33:19]     -> 📱 准备发送通知: 【Lululemon】新品上架
[2025-10-28 22:33:23]     -> 📱 准备发送通知: 【Lululemon】新品上架
[2025-10-28 22:33:26]     -> 📱 准备发送通知: 【Lululemon】新品上架
[2025-10-28 22:33:29]     -> 📱 准备发送通知: 【Lululemon】新品上架
[2025-10-28 22:33:33]     -> 📱 准备发送通知: 【Lululemon】新品上架
[2025-10-28 22:33:36]     -> 📱 准备发送通知: 【Lululemon】新品上架
[2025-10-28 22:33:39]     -> 📱 准备发送通知: 【Lululemon】新品上架
[2025-10-28 22:33:43]     -> 📱 准备发送通知: 【Lululemon】新品上架
[2025-10-28 22:33:46]     -> 📱 准备发送通知: 【Lululemon】新品上架
[2025-10-28 22:33:49]     -> 📱 准备发送通知: 【Lululemon】新品上架
[2025-10-28 22:33:53]     -> 📱 准备发送通知: 【Lululemon】新品上架
[2025-10-28 22:33:56]     -> 📱 准备发送通知: 【Lululemon】新品上架
[2025-10-28 22:33:59]     -> 📱 准备发送通知: 【Lululemon】新品上架
[2025-10-28 22:34:02]     -> 📱 准备发送通知: 【Lululemon】新品上架
[2025-10-28 22:34:06]     -> 📱 准备发送通知: 【Lululemon】新品上架
[2025-10-28 22:34:09]     -> 📱 准备发送通知: 【Lululemon】新品上架
[2025-10-28 22:34:12]     -> 📱 准备发送通知: 【Lululemon】新品上架
[2025-10-28 22:34:16]     -> 📱 准备发送通知: 【Lululemon】新品上架
[2025-10-28 22:34:21]     -> 📱 准备发送通知: 【Lululemon】新品上架
[2025-10-28 22:34:25]     -> 📱 准备发送通知: 【Lululemon】新品上架
[2025-10-28 22:34:28]     -> 📱 准备发送通知: 【Lululemon】新品上架
[2025-10-28 22:34:31]     -> 📱 准备发送通知: 【Lululemon】新品上架
[2025-10-28 22:34:35]     -> 📱 准备发送通知: 【Lululemon】新品上架
[2025-10-28 22:34:38]     -> 📱 准备发送通知: 【Lululemon】新品上架
[2025-10-28 22:34:41]     -> 📱 准备发送通知: 【Lululemon】新品上架
[2025-10-28 22:34:44]     -> 📱 准备发送通知: 【Lululemon】新品上架
[2025-10-28 22:34:48]     -> 📱 准备发送通知: 【Lululemon】新品上架
[2025-10-28 22:34:51]     -> 📱 准备发送通知: 【Lululemon】新品上架
[2025-10-28 22:34:54]     -> 📱 准备发送通知: 【Lululemon】新品上架
[2025-10-28 22:34:58]     -> 📱 准备发送通知: 【Lululemon】新品上架
[2025-10-28 22:35:01]     -> 📱 准备发送通知: 【Lululemon】新品上架
[2025-10-28 22:35:04]     -> 📱 准备发送通知: 【Lululemon】新品上架
[2025-10-28 22:35:08]     -> 📱 准备发送通知: 【Lululemon】新品上架
[2025-10-28 22:35:13]     -> 📱 准备发送通知: 【Lululemon】新品上架
[2025-10-28 22:35:16]     -> 📱 准备发送通知: 【Lululemon】新品上架
[2025-10-28 22:35:20]     -> 📱 准备发送通知: 【Lululemon】新品上架
[2025-10-28 22:35:23]     -> 📱 准备发送通知: 【Lululemon】新品上架
[2025-10-28 22:35:26]     -> 📱 准备发送通知: 【Lululemon】新品上架
[2025-10-28 22:35:30]     -> 📱 准备发送通知: 【Lululemon】新品上架
[2025-10-28 22:35:33]     -> 📱 准备发送通知: 【Lululemon】新品上架
[2025-10-28 22:35:36]     -> 📱 准备发送通知: 【Lululemon】新品上架
[2025-10-28 22:35:40]     -> 📱 准备发送通知: 【Lululemon】新品上架
[2025-10-28 22:35:43]     -> 📱 准备发送通知: 【Lululemon】新品上架
[2025-10-28 22:35:46]     -> 📱 准备发送通知: 【Lululemon】新品上架
[2025-10-28 22:35:50]     -> 📱 准备发送通知: 【Lululemon】新品上架
[2025-10-28 22:35:53]     -> 📱 准备发送通知: 【Lululemon】新品上架
[2025-10-28 22:35:56]     -> 📱 准备发送通知: 【Lululemon】新品上架
[2025-10-28 22:35:59]     -> 📱 准备发送通知: 【Lululemon】新品上架
[2025-10-28 22:36:03]     -> 📱 准备发送通知: 【Lululemon】新品上架
[2025-10-28 22:36:06]     -> 📱 准备发送通知: 【Lululemon】新品上架
[2025-10-28 22:36:09]     -> 📱 准备发送通知: 【Lululemon】新品上架
[2025-10-28 22:36:13]     -> 📱 准备发送通知: 【Lululemon】新品上架
[2025-10-28 22:36:16]     -> 📱 准备发送通知: 【Lululemon】新品上架
[2025-10-28 22:36:19]     -> 📱 准备发送通知: 【Lululemon】新品上架
[2025-10-28 22:36:23]     -> 📱 准备发送通知: 【Lululemon】新品上架
[2025-10-28 22:36:26]     -> 📱 准备发送通知: 【Lululemon】新品上架
[2025-10-28 22:36:29]     -> 📱 准备发送通知: 【Lululemon】新品上架
[2025-10-28 22:36:33]     -> 📱 准备发送通知: 【Lululemon】新品上架
[2025-10-28 22:36:36]     -> 📱 准备发送通知: 【Lululemon】新品上架
[2025-10-28 22:36:39]     -> 📱 准备发送通知: 【Lululemon】新品上架
[2025-10-28 22:36:43]     -> 📱 准备发送通知: 【Lululemon】新品上架
[2025-10-28 22:36:46]     -> 📱 准备发送通知: 【Lululemon】新品上架
[2025-10-28 22:36:49]     -> 📱 准备发送通知: 【Lululemon】新品上架
[2025-10-28 22:36:53]     -> 📱 准备发送通知: 【Lululemon】新品上架
[2025-10-28 22:36:56]     -> 📱 准备发送通知: 【Lululemon】新品上架
[2025-10-28 22:36:59]     -> 📱 准备发送通知: 【Lululemon】新品上架
[2025-10-28 22:37:03]     -> 📱 准备发送通知: 【Lululemon】新品上架
[2025-10-28 22:37:06]     -> 📱 准备发送通知: 【Lululemon】新品上架
[2025-10-28 22:37:09]     -> 📱 准备发送通知: 【Lululemon】新品上架
[2025-10-28 22:37:12]     -> 📱 准备发送通知: 【Lululemon】新品上架
[2025-10-28 22:37:16]     -> 📱 准备发送通知: 【Lululemon】新品上架
[2025-10-28 22:37:19]     -> 📱 准备发送通知: 【Lululemon】新品上架
[2025-10-28 22:37:22]     -> 📱 准备发送通知: 【Lululemon】新品上架
[2025-10-28 22:37:25]     -> 📱 准备发送通知: 【Lululemon】新品上架
[2025-10-28 22:37:29]     -> 📱 准备发送通知: 【Lululemon】新品上架
[2025-10-28 22:37:33]     -> 📱 准备发送通知: 【Lululemon】新品上架
[2025-10-28 22:37:37]     -> 📱 准备发送通知: 【Lululemon】新品上架
[2025-10-28 22:37:40]     -> 📱 准备发送通知: 【Lululemon】新品上架
[2025-10-28 22:37:44]     -> 📱 准备发送通知: 【Lululemon】新品上架
[2025-10-28 22:37:47]     -> 📱 准备发送通知: 【Lululemon】新品上架
[2025-10-28 22:37:51]     -> 📱 准备发送通知: 【Lululemon】新品上架
[2025-10-28 22:37:54]     -> 📱 准备发送通知: 【Lululemon】新品上架
[2025-10-28 22:38:01]     -> 📱 准备发送通知: 【Lululemon】新品上架
[2025-10-28 22:38:10]     -> 📱 准备发送通知: 【Lululemon】新品上架
[2025-10-28 22:38:14]     -> 📱 准备发送通知: 【Lululemon】新品上架
[2025-10-28 22:38:18]     -> 📱 准备发送通知: 【Lululemon】新品上架
[2025-10-28 22:38:22]     -> 📱 准备发送通知: 【Lululemon】新品上架
[2025-10-28 22:38:25]     -> 📱 准备发送通知: 【Lululemon】新品上架
[2025-10-28 22:38:30]     -> 📱 准备发送通知: 【Lululemon】新品上架
[2025-10-28 22:38:33]     -> 📱 准备发送通知: 【Lululemon】新品上架
[2025-10-28 22:38:36]     -> 📱 准备发送通知: 【Lululemon】新品上架
[2025-10-28 22:38:39]     -> 📱 准备发送通知: 【Lululemon】新品上架
[2025-10-28 22:38:43]     -> 📱 准备发送通知: 【Lululemon】新品上架
[2025-10-28 22:38:46]     -> 📱 准备发送通知: 【Lululemon】新品上架
[2025-10-28 22:38:53]     -> 📱 准备发送通知: 【Lululemon】新品上架
[2025-10-28 22:38:56]     -> 📱 准备发送通知: 【Lululemon】新品上架
[2025-10-28 22:38:59]     -> 📱 准备发送通知: 【Lululemon】新品上架
[2025-10-28 22:39:02]     -> 📱 准备发送通知: 【Lululemon】新品上架
[2025-10-28 22:39:06]     -> 📱 准备发送通知: 【Lululemon】新品上架
[2025-10-28 22:39:09]     -> 📱 准备发送通知: 【Lululemon】新品上架
[2025-10-28 22:39:13]     -> 📱 准备发送通知: 【Lululemon】新品上架
[2025-10-28 22:39:16]     -> 📱 准备发送通知: 【Lululemon】新品上架
[2025-10-28 22:39:19]     -> 📱 准备发送通知: 【Lululemon】新品上架
[2025-10-28 22:39:23]     -> 📱 准备发送通知: 【Lululemon】新品上架
[2025-10-28 22:39:26]     -> 📱 准备发送通知: 【Lululemon】新品上架
[2025-10-28 22:39:29]     -> 📱 准备发送通知: 【Lululemon】新品上架
[2025-10-28 22:39:33]     -> 📱 准备发送通知: 【Lululemon】新品上架
[2025-10-28 22:39:36]     -> 📱 准备发送通知: 【Lululemon】新品上架
[2025-10-28 22:39:39]     -> 📱 准备发送通知: 【Lululemon】新品上架
[2025-10-28 22:39:42]     -> 📱 准备发送通知: 【Lululemon】新品上架
[2025-10-28 22:39:46]     -> 📱 准备发送通知: 【Lululemon】新品上架
[2025-10-28 22:39:49]     -> 📱 准备发送通知: 【Lululemon】新品上架
[2025-10-28 22:39:52]     -> 📱 准备发送通知: 【Lululemon】新品上架
[2025-10-28 22:39:55]     -> 📱 准备发送通知: 【Lululemon】新品上架
[2025-10-28 22:39:59]     -> 📱 准备发送通知: 【Lululemon】新品上架
[2025-10-28 22:40:02]     -> 📱 准备发送通知: 【Lululemon】新品上架
[2025-10-28 22:40:05]     -> 📱 准备发送通知: 【Lululemon】新品上架
[2025-10-28 22:40:09]     -> 📱 准备发送通知: 【Lululemon】新品上架
[2025-10-28 22:40:12]     -> 📱 准备发送通知: 【Lululemon】新品上架
[2025-10-28 22:40:15]     -> 📱 准备发送通知: 【Lululemon】新品上架
[2025-10-28 22:40:19]     -> 📱 准备发送通知: 【Lululemon】新品上架
[2025-10-28 22:40:22]     -> 📱 准备发送通知: 【Lululemon】新品上架
[2025-10-28 22:40:25]     -> 📱 准备发送通知: 【Lululemon】新品上架
[2025-10-28 22:40:29]     -> 📱 准备发送通知: 【Lululemon】新品上架
[2025-10-28 22:40:32]     -> 📱 准备发送通知: 【Lululemon】新品上架
[2025-10-28 22:40:35]     -> 📱 准备发送通知: 【Lululemon】新品上架
[2025-10-28 22:40:38]     -> 📱 准备发送通知: 【Lululemon】新品上架
[2025-10-28 22:40:42]     -> 📱 准备发送通知: 【Lululemon】新品上架
[2025-10-28 22:40:45]     -> 📱 准备发送通知: 【Lululemon】新品上架
[2025-10-28 22:40:48]     -> 📱 准备发送通知: 【Lululemon】新品上架
[2025-10-28 22:40:52]     -> 📱 准备发送通知: 【Lululemon】新品上架
[2025-10-28 22:40:55]     -> 📱 准备发送通知: 【Lululemon】新品上架
[2025-10-28 22:40:58]     -> 📱 准备发送通知: 【Lululemon】新品上架
[2025-10-28 22:41:02]     -> 📱 准备发送通知: 【Lululemon】新品上架
[2025-10-28 22:41:05]     -> 📱 准备发送通知: 【Lululemon】新品上架
[2025-10-28 22:41:08]     -> 📱 准备发送通知: 【Lululemon】新品上架
[2025-10-28 22:41:12]     -> 📱 准备发送通知: 【Lululemon】新品上架
[2025-10-28 22:41:15]     -> 📱 准备发送通知: 【Lululemon】新品上架
[2025-10-28 22:41:18]     -> 📱 准备发送通知: 【Lululemon】新品上架
[2025-10-28 22:41:22]     -> 📱 准备发送通知: 【Lululemon】新品上架
[2025-10-28 22:41:25]     -> 📱 准备发送通知: 【Lululemon】新品上架
[2025-10-28 22:41:28]     -> 📱 准备发送通知: 【Lululemon】新品上架
[2025-10-28 22:41:32]     -> 📱 准备发送通知: 【Lululemon】新品上架
[2025-10-28 22:41:35]     -> 📱 准备发送通知: 【Lululemon】新品上架
[2025-10-28 22:41:38]     -> 📱 准备发送通知: 【Lululemon】新品上架
[2025-10-28 22:41:41]     -> 📱 准备发送通知: 【Lululemon】新品上架
[2025-10-28 22:41:45]     -> 📱 准备发送通知: 【Lululemon】新品上架
[2025-10-28 22:41:48]     -> 📱 准备发送通知: 【Lululemon】新品上架
[2025-10-28 22:41:51]     -> 📱 准备发送通知: 【Lululemon】新品上架
[2025-10-28 22:41:55]     -> 📱 准备发送通知: 【Lululemon】新品上架
[2025-10-28 22:41:58]     -> 📱 准备发送通知: 【Lululemon】新品上架
[2025-10-28 22:42:01]     -> 📱 准备发送通知: 【Lululemon】新品上架
[2025-10-28 22:42:05]     -> 📱 准备发送通知: 【Lululemon】新品上架
[2025-10-28 22:42:08]     -> 📱 准备发送通知: 【Lululemon】新品上架
[2025-10-28 22:42:11]     -> 📱 准备发送通知: 【Lululemon】新品上架
[2025-10-28 22:42:14]     -> 📱 准备发送通知: 【Lululemon】新品上架
[2025-10-28 22:42:18]     -> 📱 准备发送通知: 【Lululemon】新品上架
[2025-10-28 22:42:21]     -> 📱 准备发送通知: 【Lululemon】新品上架
[2025-10-28 22:42:25]     -> 📱 准备发送通知: 【Lululemon】新品上架
[2025-10-28 22:42:28]     -> 📱 准备发送通知: 【Lululemon】新品上架
[2025-10-28 22:42:31]     -> 📱 准备发送通知: 【Lululemon】新品上架
[2025-10-28 22:42:34]     -> 📱 准备发送通知: 【Lululemon】新品上架
[2025-10-28 22:42:38]     -> 📱 准备发送通知: 【Lululemon】新品上架
[2025-10-28 22:42:41]     -> 📱 准备发送通知: 【Lululemon】新品上架
[2025-10-28 22:42:44]     -> 📱 准备发送通知: 【Lululemon】新品上架
[2025-10-28 22:42:48]     -> 📱 准备发送通知: 【Lululemon】新品上架
[2025-10-28 22:42:51]     -> 📱 准备发送通知: 【Lululemon】新品上架
[2025-10-28 22:42:54]     -> 📱 准备发送通知: 【Lululemon】新品上架
[2025-10-28 22:42:57]     -> 📱 准备发送通知: 【Lululemon】新品上架
[2025-10-28 22:43:01]     -> 📱 准备发送通知: 【Lululemon】新品上架
[2025-10-28 22:43:04]     -> 📱 准备发送通知: 【Lululemon】新品上架
[2025-10-28 22:43:07]     -> 📱 准备发送通知: 【Lululemon】新品上架
[2025-10-28 22:43:11]     -> 📱 准备发送通知: 【Lululemon】新品上架
[2025-10-28 22:43:14]     -> 📱 准备发送通知: 【Lululemon】新品上架
[2025-10-28 22:43:17]     -> 📱 准备发送通知: 【Lululemon】新品上架
[2025-10-28 22:43:21]     -> 📱 准备发送通知: 【Lululemon】新品上架
[2025-10-28 22:43:24]     -> 📱 准备发送通知: 【Lululemon】新品上架
[2025-10-28 22:43:27]     -> 📱 准备发送通知: 【Lululemon】新品上架
[2025-10-28 22:43:30]     -> 📱 准备发送通知: 【Lululemon】新品上架
[2025-10-28 22:43:34]     -> 📱 准备发送通知: 【Lululemon】新品上架
[2025-10-28 22:43:37]     -> 📱 准备发送通知: 【Lululemon】新品上架
[2025-10-28 22:43:40]     -> 📱 准备发送通知: 【Lululemon】新品上架
[2025-10-28 22:43:44]     -> 📱 准备发送通知: 【Lululemon】新品上架
[2025-10-28 22:43:47]     -> 📱 准备发送通知: 【Lululemon】新品上架
[2025-10-28 22:43:50]     -> 📱 准备发送通知: 【Lululemon】新品上架
[2025-10-28 22:43:54]     -> 📱 准备发送通知: 【Lululemon】新品上架
[2025-10-28 22:43:57]     -> 📱 准备发送通知: 【Lululemon】新品上架
[2025-10-28 22:44:00]     -> 📱 准备发送通知: 【Lululemon】新品上架
[2025-10-28 22:44:04]     -> 📱 准备发送通知: 【Lululemon】新品上架
[2025-10-28 22:44:07]     -> 📱 准备发送通知: 【Lululemon】新品上架
[2025-10-28 22:44:10]     -> 📱 准备发送通知: 【Lululemon】新品上架
[2025-10-28 22:44:13]     -> 📱 准备发送通知: 【Lululemon】新品上架
[2025-10-28 22:44:17]     -> 📱 准备发送通知: 【Lululemon】新品上架
[2025-10-28 22:44:20]     -> 📱 准备发送通知: 【Lululemon】新品上架
[2025-10-28 22:44:23]     -> 📱 准备发送通知: 【Lululemon】新品上架
[2025-10-28 22:44:27]     -> 📱 准备发送通知: 【Lululemon】新品上架
[2025-10-28 22:44:30]     -> 📱 准备发送通知: 【Lululemon】新品上架
[2025-10-28 22:44:33]     -> 📱 准备发送通知: 【Lululemon】新品上架
[2025-10-28 22:44:37]     -> 📱 准备发送通知: 【Lululemon】新品上架
[2025-10-28 22:44:40]     -> 📱 准备发送通知: 【Lululemon】新品上架
[2025-10-28 22:44:43]     -> 📱 准备发送通知: 【Lululemon】新品上架
[2025-10-28 22:44:47]     -> 📱 准备发送通知: 【Lululemon】新品上架
[2025-10-28 22:44:50]     -> 📱 准备发送通知: 【Lululemon】新品上架
[2025-10-28 22:44:53]     -> 📱 准备发送通知: 【Lululemon】新品上架
[2025-10-28 22:44:57]     -> 📱 准备发送通知: 【Lululemon】新品上架
[2025-10-28 22:45:00]     -> 📱 准备发送通知: 【Lululemon】新品上架
[2025-10-28 22:45:03]     -> 📱 准备发送通知: 【Lululemon】新品上架
[2025-10-28 22:45:07]     -> 📱 准备发送通知: 【Lululemon】新品上架
[2025-10-28 22:45:10]     -> 📱 准备发送通知: 【Lululemon】新品上架
[2025-10-28 22:45:14]     -> 📱 准备发送通知: 🔥【Lululemon】超高折扣!
[2025-10-28 22:45:17]     -> 📱 准备发送通知: 【Lululemon】新品上架
[2025-10-28 22:45:20]     -> 📱 准备发送通知: 【Lululemon】新品上架
[2025-10-28 22:45:24]     -> 📱 准备发送通知: 【Lululemon】新品上架
[2025-10-28 22:45:27]     -> 📱 准备发送通知: 【Lululemon】新品上架
[2025-10-28 22:45:31]     -> 📱 准备发送通知: 【Lululemon】新品上架
[2025-10-28 22:45:34]     -> 📱 准备发送通知: 【Lululemon】新品上架
[2025-10-28 22:45:37]     -> 📱 准备发送通知: 【Lululemon】新品上架
[2025-10-28 22:45:41]     -> 📱 准备发送通知: 【Lululemon】新品上架
[2025-10-28 22:45:44]     -> 📱 准备发送通知: 【Lululemon】新品上架
[2025-10-28 22:45:47]     -> 📱 准备发送通知: 【Lululemon】新品上架
[2025-10-28 22:45:51]     -> 📱 准备发送通知: 【Lululemon】新品上架
[2025-10-28 22:45:54]     -> 📱 准备发送通知: 【Lululemon】新品上架
[2025-10-28 22:45:58]     -> 📱 准备发送通知: 【Lululemon】新品上架
[2025-10-28 22:46:01]     -> 📱 准备发送通知: 【Lululemon】新品上架
[2025-10-28 22:46:04]     -> 📱 准备发送通知: 【Lululemon】新品上架
[2025-10-28 22:46:08]     -> 📱 准备发送通知: 【Lululemon】新品上架
[2025-10-28 22:46:11]     -> 📱 准备发送通知: 【Lululemon】新品上架
[2025-10-28 22:46:14]     -> 📱 准备发送通知: 【Lululemon】新品上架
[2025-10-28 22:46:18]     -> 📱 准备发送通知: 【Lululemon】新品上架
[2025-10-28 22:46:21]     -> 📱 准备发送通知: 【Lululemon】新品上架
[2025-10-28 22:46:25]     -> 📱 准备发送通知: 【Lululemon】新品上架
[2025-10-28 22:46:28]     -> 📱 准备发送通知: 【Lululemon】新品上架
[2025-10-28 22:46:31]     -> 📱 准备发送通知: 【Lululemon】新品上架
[2025-10-28 22:46:35]     -> 📱 准备发送通知: 【Lululemon】新品上架
[2025-10-28 22:46:38]     -> 📱 准备发送通知: 【Lululemon】新品上架
[2025-10-28 22:46:41]     -> 📱 准备发送通知: 【Lululemon】新品上架
[2025-10-28 22:46:45]     -> 📱 准备发送通知: 【Lululemon】新品上架
[2025-10-28 22:46:48]     -> 📱 准备发送通知: 【Lululemon】新品上架
[2025-10-28 22:46:52]     -> 📱 准备发送通知: 【Lululemon】新品上架
[2025-10-28 22:46:55]     -> 📱 准备发送通知: 【Lululemon】新品上架
[2025-10-28 22:46:58]     -> 📱 准备发送通知: 【Lululemon】新品上架
[2025-10-28 22:47:02]     -> 📱 准备发送通知: 【Lululemon】新品上架
[2025-10-28 22:47:05]     -> 📱 准备发送通知: 【Lululemon】新品上架
[2025-10-28 22:47:09]     -> 📱 准备发送通知: 【Lululemon】新品上架
[2025-10-28 22:47:12]     -> 📱 准备发送通知: 【Lululemon】新品上架
[2025-10-28 22:47:15]     -> 📱 准备发送通知: 【Lululemon】新品上架
[2025-10-28 22:47:19]     -> 📱 准备发送通知: 【Lululemon】新品上架
[2025-10-28 22:47:22]     -> 📱 准备发送通知: 【Lululemon】新品上架
[2025-10-28 22:47:25]     -> 📱 准备发送通知: 【Lululemon】新品上架
[2025-10-28 22:47:29]     -> 📱 准备发送通知: 【Lululemon】新品上架
[2025-10-28 22:47:32]     -> 📱 准备发送通知: 【Lululemon】新品上架
[2025-10-28 22:47:36]     -> 📱 准备发送通知: 【Lululemon】新品上架
[2025-10-28 22:47:39]     -> 📱 准备发送通知: 【Lululemon】新品上架
[2025-10-28 22:47:42]     -> 📱 准备发送通知: 【Lululemon】新品上架
[2025-10-28 22:47:46]     -> 📱 准备发送通知: 【Lululemon】新品上架
[2025-10-28 22:47:49]     -> 📱 准备发送通知: 【Lululemon】新品上架
[2025-10-28 22:47:52]     -> 📱 准备发送通知: 【Lululemon】新品上架
[2025-10-28 22:47:56]     -> 📱 准备发送通知: 【Lululemon】新品上架
[2025-10-28 22:47:59]     -> 📱 准备发送通知: 【Lululemon】新品上架
[2025-10-28 22:48:03]     -> 📱 准备发送通知: 【Lululemon】新品上架
[2025-10-28 22:48:06]     -> 📱 准备发送通知: 【Lululemon】新品上架
[2025-10-28 22:48:10]     -> 📱 准备发送通知: 【Lululemon】新品上架
[2025-10-28 22:48:13]     -> 📱 准备发送通知: 【Lululemon】新品上架
[2025-10-28 22:48:16]     -> 📱 准备发送通知: 【Lululemon】新品上架
[2025-10-28 22:48:20]     -> 📱 准备发送通知: 【Lululemon】新品上架
[2025-10-28 22:48:23]     -> 📱 准备发送通知: 【Lululemon】新品上架
[2025-10-28 22:48:27]     -> 📱 准备发送通知: 【Lululemon】新品上架
[2025-10-28 22:48:30]     -> 📱 准备发送通知: 【Lululemon】新品上架
[2025-10-28 22:48:33]     -> 📱 准备发送通知: 【Lululemon】新品上架
[2025-10-28 22:48:37]     -> 📱 准备发送通知: 【Lululemon】新品上架
[2025-10-28 22:48:40]     -> 📱 准备发送通知: 【Lululemon】新品上架
[2025-10-28 22:48:43]     -> 📱 准备发送通知: 【Lululemon】新品上架
[2025-10-28 22:48:47]     -> 📱 准备发送通知: 【Lululemon】新品上架
[2025-10-28 22:48:50]     -> 📱 准备发送通知: 【Lululemon】新品上架
[2025-10-28 22:48:53]     -> 📱 准备发送通知: 【Lululemon】新品上架
[2025-10-28 22:48:57]     -> 📱 准备发送通知: 【Lululemon】新品上架
[2025-10-28 22:49:00]     -> 📱 准备发送通知: 【Lululemon】新品上架
[2025-10-28 22:49:04]     -> 📱 准备发送通知: 【Lululemon】新品上架
[2025-10-28 22:49:07]     -> 📱 准备发送通知: 【Lululemon】新品上架
[2025-10-28 22:49:10]     -> 📱 准备发送通知: 【Lululemon】新品上架
[2025-10-28 22:49:14]     -> 📱 准备发送通知: 【Lululemon】新品上架
[2025-10-28 22:49:17]     -> 📱 准备发送通知: 【Lululemon】新品上架
[2025-10-28 22:49:20]     -> 📱 准备发送通知: 【Lululemon】新品上架
[2025-10-28 22:49:24]     -> 📱 准备发送通知: 【Lululemon】新品上架
[2025-10-28 22:49:27]     -> 📱 准备发送通知: 【Lululemon】新品上架
[2025-10-28 22:49:31]     -> 📱 准备发送通知: 【Lululemon】新品上架
[2025-10-28 22:49:34]     -> 📱 准备发送通知: 【Lululemon】新品上架
[2025-10-28 22:49:38]     -> 📱 准备发送通知: 【Lululemon】新品上架
[2025-10-28 22:49:41]     -> 📱 准备发送通知: 【Lululemon】新品上架
[2025-10-28 22:49:45]     -> 📱 准备发送通知: 【Lululemon】新品上架
[2025-10-28 22:49:48]     -> 📱 准备发送通知: 【Lululemon】新品上架
[2025-10-28 22:49:51]     -> 📱 准备发送通知: 【Lululemon】新品上架
[2025-10-28 22:49:55]     -> 📱 准备发送通知: 【Lululemon】新品上架
[2025-10-28 22:49:58]     -> 📱 准备发送通知: 【Lululemon】新品上架
[2025-10-28 22:50:02]     -> 📱 准备发送通知: 【Lululemon】新品上架
[2025-10-28 22:50:05]     -> 📱 准备发送通知: 【Lululemon】新品上架
[2025-10-28 22:50:08]     -> 📱 准备发送通知: 【Lululemon】新品上架
[2025-10-28 22:50:12]     -> 📱 准备发送通知: 【Lululemon】新品上架
[2025-10-28 22:50:15]     -> 📱 准备发送通知: 【Lululemon】新品上架
[2025-10-28 22:50:19]     -> 📱 准备发送通知: 【Lululemon】新品上架
[2025-10-28 22:50:22]     -> 📱 准备发送通知: 【Lululemon】新品上架
[2025-10-28 22:50:25]     -> 📱 准备发送通知: 【Lululemon】新品上架
[2025-10-28 22:50:29]     -> 📱 准备发送通知: 【Lululemon】新品上架
[2025-10-28 22:50:32]     -> 📱 准备发送通知: 【Lululemon】新品上架
[2025-10-28 22:50:35]     -> 📱 准备发送通知: 【Lululemon】新品上架
[2025-10-28 22:50:39]     -> 📱 准备发送通知: 【Lululemon】新品上架
[2025-10-28 22:50:42]     -> 📱 准备发送通知: 【Lululemon】新品上架
[2025-10-28 22:50:46]     -> 📱 准备发送通知: 【Lululemon】新品上架
[2025-10-28 22:50:49]     -> 📱 准备发送通知: 【Lululemon】新品上架
[2025-10-28 22:50:52]     -> 📱 准备发送通知: 【Lululemon】新品上架
[2025-10-28 22:50:56]     -> 📱 准备发送通知: 【Lululemon】新品上架
[2025-10-28 22:50:59]     -> 📱 准备发送通知: 【Lululemon】新品上架
[2025-10-28 22:51:03]     -> 📱 准备发送通知: 【Lululemon】新品上架
[2025-10-28 22:51:06]     -> 📱 准备发送通知: 【Lululemon】新品上架
[2025-10-28 22:51:10]     -> 📱 准备发送通知: 【Lululemon】新品上架
[2025-10-28 22:51:13]     -> 📱 准备发送通知: 【Lululemon】新品上架
[2025-10-28 22:51:16]     -> 📱 准备发送通知: 【Lululemon】新品上架
[2025-10-28 22:51:20]     -> 📱 准备发送通知: 【Lululemon】新品上架
[2025-10-28 22:51:23]     -> 📱 准备发送通知: 【Lululemon】新品上架
[2025-10-28 22:51:27]     -> 📱 准备发送通知: 【Lululemon】新品上架
[2025-10-28 22:51:30]     -> 📱 准备发送通知: 【Lululemon】新品上架
[2025-10-28 22:51:34]     -> 📱 准备发送通知: 【Lululemon】新品上架
[2025-10-28 22:51:37]     -> 📱 准备发送通知: 【Lululemon】新品上架
[2025-10-28 22:51:40]     -> 📱 准备发送通知: 【Lululemon】新品上架
[2025-10-28 22:51:44]     -> 📱 准备发送通知: 【Lululemon】新品上架
[2025-10-28 22:51:47]     -> 📱 准备发送通知: 【Lululemon】新品上架
[2025-10-28 22:51:50]     -> 📱 准备发送通知: 【Lululemon】新品上架
[2025-10-28 22:51:54]     -> 📱 准备发送通知: 【Lululemon】新品上架
[2025-10-28 22:51:57]     -> 📱 准备发送通知: 【Lululemon】新品上架
[2025-10-28 22:52:01]     -> 📱 准备发送通知: 【Lululemon】新品上架
[2025-10-28 22:52:04]     -> 📱 准备发送通知: 【Lululemon】新品上架
[2025-10-28 22:52:08]     -> 📱 准备发送通知: 【Lululemon】新品上架
[2025-10-28 22:52:11]     -> 📱 准备发送通知: 【Lululemon】新品上架
[2025-10-28 22:52:14]     -> 📱 准备发送通知: 【Lululemon】新品上架
[2025-10-28 22:52:18]     -> 📱 准备发送通知: 【Lululemon】新品上架
[2025-10-28 22:52:21]     -> 📱 准备发送通知: 【Lululemon】新品上架
[2025-10-28 22:52:25]     -> 📱 准备发送通知: 【Lululemon】新品上架
[2025-10-28 22:52:28]     -> 📱 准备发送通知: 【Lululemon】新品上架
[2025-10-28 22:52:31]     -> 📱 准备发送通知: 【Lululemon】新品上架
[2025-10-28 22:52:35]     -> 📱 准备发送通知: 【Lululemon】新品上架
[2025-10-28 22:52:38]     -> 📱 准备发送通知: 【Lululemon】新品上架
[2025-10-28 22:52:42]     -> 📱 准备发送通知: 【Lululemon】新品上架
[2025-10-28 22:52:45]     -> 📱 准备发送通知: 【Lululemon】新品上架
[2025-10-28 22:52:48]     -> 📱 准备发送通知: 【Lululemon】新品上架
[2025-10-28 22:52:52]     -> 📱 准备发送通知: 【Lululemon】新品上架
[2025-10-28 22:52:55]     -> 📱 准备发送通知: 【Lululemon】新品上架
[2025-10-28 22:52:59]     -> 📱 准备发送通知: 【Lululemon】新品上架
[2025-10-28 22:53:02]     -> 📱 准备发送通知: 【Lululemon】新品上架
[2025-10-28 22:53:05]     -> 📱 准备发送通知: 【Lululemon】新品上架
[2025-10-28 22:53:09]     -> 📱 准备发送通知: 【Lululemon】新品上架
[2025-10-28 22:53:12]     -> 📱 准备发送通知: 【Lululemon】新品上架
[2025-10-28 22:53:15]     -> 📱 准备发送通知: 【Lululemon】新品上架
[2025-10-28 22:53:19]     -> 📱 准备发送通知: 【Lululemon】新品上架
[2025-10-28 22:53:22]     -> 📱 准备发送通知: 【Lululemon】新品上架
[2025-10-28 22:53:25]     -> 📱 准备发送通知: 【Lululemon】新品上架
[2025-10-28 22:53:29]     -> 📱 准备发送通知: 【Lululemon】新品上架
[2025-10-28 22:53:32]     -> 📱 准备发送通知: 【Lululemon】新品上架
[2025-10-28 22:53:36]     -> 📱 准备发送通知: 【Lululemon】新品上架
[2025-10-28 22:53:39]     -> 📱 准备发送通知: 【Lululemon】新品上架
[2025-10-28 22:53:42]     -> 📱 准备发送通知: 【Lululemon】新品上架
[2025-10-28 22:53:46]     -> 📱 准备发送通知: 【Lululemon】新品上架
[2025-10-28 22:53:49]     -> 📱 准备发送通知: 【Lululemon】新品上架
[2025-10-28 22:53:53]     -> 📱 准备发送通知: 【Lululemon】新品上架
[2025-10-28 22:53:56]     -> 📱 准备发送通知: 【Lululemon】新品上架
[2025-10-28 22:53:59]     -> 📱 准备发送通知: 【Lululemon】新品上架
[2025-10-28 22:54:03]     -> 📱 准备发送通知: 【Lululemon】新品上架
[2025-10-28 22:54:06]     -> 📱 准备发送通知: 【Lululemon】新品上架
[2025-10-28 22:54:09]     -> 📱 准备发送通知: 【Lululemon】新品上架
[2025-10-28 22:54:13]     -> 📱 准备发送通知: 【Lululemon】新品上架
[2025-10-28 22:54:16]     -> 📱 准备发送通知: 【Lululemon】新品上架
[2025-10-28 22:54:20]     -> 📱 准备发送通知: 【Lululemon】新品上架
[2025-10-28 22:55:26] ✅ 数据库 '/mnt/scraper/data/lulu_scraper.db' 及表 'lululemon_products' 初始化完成。
[2025-10-28 22:55:26] 
==================== 开始为 Lululemon 执行抓取任务 ====================
[2025-10-28 22:55:26] 📦 正在抓取第 1/50 页...
[2025-10-28 22:55:27] 📦 正在抓取第 2/50 页...
[2025-10-28 22:55:29] 📦 正在抓取第 3/50 页...
[2025-10-28 22:55:30] 📦 正在抓取第 4/50 页...
[2025-10-28 22:55:32] 📦 正在抓取第 5/50 页...
[2025-10-28 22:55:34] 📦 正在抓取第 6/50 页...
[2025-10-28 22:55:35] 📦 正在抓取第 7/50 页...
[2025-10-28 22:55:37] 📦 正在抓取第 8/50 页...
[2025-10-28 22:55:39] 📦 正在抓取第 9/50 页...
[2025-10-28 22:55:40] 📦 正在抓取第 10/50 页...
[2025-10-28 22:55:42] 📦 正在抓取第 11/50 页...
[2025-10-28 22:55:44] 📦 正在抓取第 12/50 页...
[2025-10-28 22:55:45] 📦 正在抓取第 13/50 页...
[2025-10-28 22:55:47] 📦 正在抓取第 14/50 页...
[2025-10-28 22:55:49] 📦 正在抓取第 15/50 页...
[2025-10-28 22:55:51] 📦 正在抓取第 16/50 页...
[2025-10-28 22:55:53] 📦 正在抓取第 17/50 页...
[2025-10-28 22:55:53] ℹ️ 当前页未发现商品，停止翻页。
[2025-10-28 22:55:53] 🔍 正在将 957 个抓取商品与 0 条数据库记录进行比较...
[2025-10-28 22:55:53]     -> 📱 准备发送通知: 【Lululemon】新品上架
[2025-10-28 22:55:57]     -> 📱 准备发送通知: 【Lululemon】新品上架
[2025-10-28 23:07:15] ✅ 数据库 '/mnt/scraper/data/lulu_scraper.db' 及表 'lululemon_products' 初始化完成。
[2025-10-28 23:07:15] 
==================== 开始为 Lululemon 执行抓取任务 ====================
[2025-10-28 23:07:15] 📦 正在抓取第 1/50 页...
[2025-10-28 23:07:17] 📦 正在抓取第 2/50 页...
[2025-10-28 23:07:19] 📦 正在抓取第 3/50 页...
[2025-10-28 23:07:21] 📦 正在抓取第 4/50 页...
[2025-10-28 23:07:24] 📦 正在抓取第 5/50 页...
[2025-10-28 23:07:25] 📦 正在抓取第 6/50 页...
[2025-10-28 23:07:28] 📦 正在抓取第 7/50 页...
[2025-10-28 23:07:30] 📦 正在抓取第 8/50 页...
[2025-10-28 23:07:32] 📦 正在抓取第 9/50 页...
[2025-10-28 23:07:35] 📦 正在抓取第 10/50 页...
[2025-10-28 23:07:37] 📦 正在抓取第 11/50 页...
[2025-10-28 23:07:39] 📦 正在抓取第 12/50 页...
[2025-10-28 23:07:41] 📦 正在抓取第 13/50 页...
[2025-10-28 23:07:42] 📦 正在抓取第 14/50 页...
[2025-10-28 23:07:44] 📦 正在抓取第 15/50 页...
[2025-10-28 23:07:46] 📦 正在抓取第 16/50 页...
[2025-10-28 23:07:47] 📦 正在抓取第 17/50 页...
[2025-10-28 23:07:48] ℹ️ 当前页未发现商品，停止翻页。
[2025-10-28 23:07:48] 🚀 检测到为首次运行或数据库为空，本次只进行数据初始化，不发送通知。
[2025-10-28 23:07:48] 💾 数据库已更新。当前共有 957 个活跃商品。
[2025-10-28 23:07:48] ✅ Lululemon 任务成功结束。共抓取/更新 957 个商品。
