[2025-10-29 00:40:04] ✅ 数据库 'data/sportsexperts.db' 及表 'sportsexperts_products' 初始化完成。
[2025-10-29 00:40:04] 
==================== 开始为 Sports Experts 执行抓取任务 ====================
[2025-10-29 00:40:04] 📦 正在访问主页以获取Cookie...
[2025-10-29 00:40:24] ❌ 抓取第 1 页 (HTML) 失败: Failed to perform, curl: (28) Operation timed out after 20004 milliseconds with 0 bytes received. See https://curl.se/libcurl/c/libcurl-errors.html first for more details.
[2025-10-29 00:40:24] 📦 正在抓取第 2/15 页 (通过API)...
[2025-10-29 00:40:26] ℹ️ API返回内容为空，已抓取完所有后续页面，停止翻页。
[2025-10-29 00:40:26] ℹ️ 未抓取到任何商品，任务结束。
[2025-10-29 00:45:16] ✅ 数据库 'data/sportsexperts.db' 及表 'sportsexperts_products' 初始化完成。
[2025-10-29 00:45:16] 
==================== 开始为 Sports Experts 执行抓取任务 ====================
[2025-10-29 00:45:16] 📦 正在访问主页以获取Cookie...
[2025-10-29 00:45:21] ✅ 第 1 页HTML内容获取成功，开始解析...
[2025-10-29 00:45:22] ✅ 第 1 页解析成功，找到 24 个商品。
[2025-10-29 00:45:22] 📦 正在抓取第 2/15 页 (通过API)...
[2025-10-29 00:45:25] 📦 正在抓取第 3/15 页 (通过API)...
[2025-10-29 00:45:29] 📦 正在抓取第 4/15 页 (通过API)...
[2025-10-29 00:45:33] 📦 正在抓取第 5/15 页 (通过API)...
[2025-10-29 00:45:37] 📦 正在抓取第 6/15 页 (通过API)...
[2025-10-29 00:45:40] 📦 正在抓取第 7/15 页 (通过API)...
[2025-10-29 00:45:44] 📦 正在抓取第 8/15 页 (通过API)...
[2025-10-29 00:45:48] 📦 正在抓取第 9/15 页 (通过API)...
[2025-10-29 00:45:52] 📦 正在抓取第 10/15 页 (通过API)...
[2025-10-29 00:45:55] 📦 正在抓取第 11/15 页 (通过API)...
[2025-10-29 00:45:56] ℹ️ API返回内容为空，已抓取完所有后续页面，停止翻页。
[2025-10-29 00:45:56] 🚀 检测到为首次运行或数据库为空，本次只进行数据初始化，不发送通知。
[2025-10-29 00:45:56] 💾 数据库已更新。当前共有 155 个活跃商品。
[2025-10-29 00:45:56] ✅ Sports Experts 任务成功结束。共抓取/更新 155 个商品。
[2025-10-29 00:47:27] ✅ 数据库 'data/sportsexperts.db' 及表 'sportsexperts_products' 初始化完成。
[2025-10-29 00:47:27] 
==================== 开始为 Sports Experts 执行抓取任务 ====================
[2025-10-29 00:47:27] 📦 正在访问主页以获取Cookie...
[2025-10-29 00:47:32] ✅ 第 1 页HTML内容获取成功，开始解析...
[2025-10-29 00:47:32] ✅ 第 1 页解析成功，找到 24 个商品。
[2025-10-29 00:47:32] 📦 正在抓取第 2/15 页 (通过API)...
[2025-10-29 00:47:35] 📦 正在抓取第 3/15 页 (通过API)...
[2025-10-29 00:47:38] 📦 正在抓取第 4/15 页 (通过API)...
[2025-10-29 00:47:42] 📦 正在抓取第 5/15 页 (通过API)...
[2025-10-29 00:47:46] 📦 正在抓取第 6/15 页 (通过API)...
[2025-10-29 00:47:48] 📦 正在抓取第 7/15 页 (通过API)...
[2025-10-29 00:47:52] 📦 正在抓取第 8/15 页 (通过API)...
[2025-10-29 00:47:56] 📦 正在抓取第 9/15 页 (通过API)...
[2025-10-29 00:48:00] 📦 正在抓取第 10/15 页 (通过API)...
[2025-10-29 00:48:03] 📦 正在抓取第 11/15 页 (通过API)...
[2025-10-29 00:48:04] ℹ️ API返回内容为空，已抓取完所有后续页面，停止翻页。
[2025-10-29 00:48:04] 🔍 非首次运行，开始检查商品更新并发送通知...
[2025-10-29 00:48:04] 🔍 正在将 155 个抓取商品与 155 条数据库记录进行比较...
[2025-10-29 00:48:05] 💾 数据库已更新。当前共有 155 个活跃商品。
[2025-10-29 00:48:05] ✅ Sports Experts 任务成功结束。共抓取/更新 155 个商品。
[2025-10-29 00:49:59] ✅ 数据库 'data/sportsexperts.db' 及表 'sportsexperts_products' 初始化完成。
[2025-10-29 00:49:59] 
==================== 开始为 Sports Experts 执行抓取任务 ====================
[2025-10-29 00:49:59] 📦 正在访问主页以获取Cookie...
[2025-10-29 00:50:05] ✅ 第 1 页HTML内容获取成功，开始解析...
[2025-10-29 00:50:05] ✅ 第 1 页解析成功，找到 24 个商品。
[2025-10-29 00:50:05] 📦 正在抓取第 2/15 页 (通过API)...
[2025-10-29 00:50:08] 📦 正在抓取第 3/15 页 (通过API)...
[2025-10-29 00:50:12] 📦 正在抓取第 4/15 页 (通过API)...
[2025-10-29 00:50:16] 📦 正在抓取第 5/15 页 (通过API)...
[2025-10-29 00:50:19] 📦 正在抓取第 6/15 页 (通过API)...
[2025-10-29 00:50:23] 📦 正在抓取第 7/15 页 (通过API)...
[2025-10-29 00:50:27] 📦 正在抓取第 8/15 页 (通过API)...
[2025-10-29 00:50:31] 📦 正在抓取第 9/15 页 (通过API)...
[2025-10-29 00:50:34] 📦 正在抓取第 10/15 页 (通过API)...
[2025-10-29 00:50:35] 已抓取 228/228 个商品，提前结束。
[2025-10-29 00:50:35] 🚀 检测到为首次运行或数据库为空，本次只进行数据初始化，不发送通知。
[2025-10-29 00:50:36] 💾 数据库已更新。当前共有 228 个活跃商品。
[2025-10-29 00:50:36] ✅ Sports Experts 任务成功结束。共抓取/更新 228 个商品。
[2025-10-29 00:50:47] ✅ 数据库 'data/sportsexperts.db' 及表 'sportsexperts_products' 初始化完成。
[2025-10-29 00:50:47] 
==================== 开始为 Sports Experts 执行抓取任务 ====================
[2025-10-29 00:50:47] 📦 正在访问主页以获取Cookie...
[2025-10-29 00:50:55] ✅ 第 1 页HTML内容获取成功，开始解析...
[2025-10-29 00:50:55] ✅ 第 1 页解析成功，找到 24 个商品。
[2025-10-29 00:50:55] 📦 正在抓取第 2/15 页 (通过API)...
[2025-10-29 00:50:59] 📦 正在抓取第 3/15 页 (通过API)...
[2025-10-29 00:51:03] 📦 正在抓取第 4/15 页 (通过API)...
[2025-10-29 00:51:06] 📦 正在抓取第 5/15 页 (通过API)...
[2025-10-29 00:51:09] 📦 正在抓取第 6/15 页 (通过API)...
[2025-10-29 00:51:15] 📦 正在抓取第 7/15 页 (通过API)...
[2025-10-29 00:51:18] 📦 正在抓取第 8/15 页 (通过API)...
[2025-10-29 00:51:22] 📦 正在抓取第 9/15 页 (通过API)...
[2025-10-29 00:51:26] 📦 正在抓取第 10/15 页 (通过API)...
[2025-10-29 00:51:27] 已抓取 228/228 个商品，提前结束。
[2025-10-29 00:51:27] 🔍 非首次运行，开始检查商品更新并发送通知...
[2025-10-29 00:51:27] 🔍 正在将 228 个抓取商品与 228 条数据库记录进行比较...
[2025-10-29 00:51:28] 💾 数据库已更新。当前共有 228 个活跃商品。
[2025-10-29 00:51:28] ✅ Sports Experts 任务成功结束。共抓取/更新 228 个商品。
